<?xml version="1.0" encoding="UTF-8"?>
<!-- Generated by org.testng.reporters.JUnitXMLReporter -->
<testsuite ignored="0" hostname="LAPTOP-P92KHMHN" failures="4" tests="9" name="Test" time="274.566" errors="0" timestamp="2024-08-26T17:44:11 IST">
  <testcase classname="test.SearchProductTC_001" name="SearchProduct" time="66.013"/>
  <testcase classname="test.CreateAcTC_001" name="CreateAc" time="22.461"/>
  <testcase classname="test.CreateAcTC_002" name="CreateAcInvalid" time="22.309">
    <failure type="org.openqa.selenium.TimeoutException" message="timeout: Timed out receiving message from renderer: 15.000
  (Session info: chrome=127.0.6533.122)
Build info: version: &amp;apos;4.21.0&amp;apos;, revision: &amp;apos;79ed462ef4&amp;apos;
System info: os.name: &amp;apos;Windows 11&amp;apos;, os.arch: &amp;apos;amd64&amp;apos;, os.version: &amp;apos;10.0&amp;apos;, java.version: &amp;apos;17.0.10&amp;apos;
Driver info: org.openqa.selenium.chrome.ChromeDriver
Command: [776636dd1bee78b363376100859c3c51, clickElement {id=f.335F0F72C4C332BF2061DA7A49564F1E.d.7B4B1B8393233ECE4C4FA5A372C22B48.e.104}]
Capabilities {acceptInsecureCerts: false, browserName: chrome, browserVersion: 127.0.6533.122, chrome: {chromedriverVersion: 127.0.6533.119 (bdef6783a05..., userDataDir: C:\Users\HP\AppData\Local\T...}, fedcm:accounts: true, goog:chromeOptions: {debuggerAddress: localhost:62294}, networkConnectionEnabled: false, pageLoadStrategy: normal, platformName: windows, proxy: Proxy(), se:cdp: ws://localhost:62294/devtoo..., se:cdpVersion: 127.0.6533.122, setWindowRect: true, strictFileInteractability: false, timeouts: {implicit: 0, pageLoad: 300000, script: 30000}, unhandledPromptBehavior: dismiss and notify, webauthn:extension:credBlob: true, webauthn:extension:largeBlob: true, webauthn:extension:minPinLength: true, webauthn:extension:prf: true, webauthn:virtualAuthenticators: true}
Element: [[ChromeDriver: chrome on windows (776636dd1bee78b363376100859c3c51)] -&amp;gt; xpath: //a[text()=&amp;apos;Create Account&amp;apos;]]
Session ID: 776636dd1bee78b363376100859c3c51">
      <![CDATA[org.openqa.selenium.TimeoutException: timeout: Timed out receiving message from renderer: 15.000
  (Session info: chrome=127.0.6533.122)
Build info: version: '4.21.0', revision: '79ed462ef4'
System info: os.name: 'Windows 11', os.arch: 'amd64', os.version: '10.0', java.version: '17.0.10'
Driver info: org.openqa.selenium.chrome.ChromeDriver
Command: [776636dd1bee78b363376100859c3c51, clickElement {id=f.335F0F72C4C332BF2061DA7A49564F1E.d.7B4B1B8393233ECE4C4FA5A372C22B48.e.104}]
Capabilities {acceptInsecureCerts: false, browserName: chrome, browserVersion: 127.0.6533.122, chrome: {chromedriverVersion: 127.0.6533.119 (bdef6783a05..., userDataDir: C:\Users\HP\AppData\Local\T...}, fedcm:accounts: true, goog:chromeOptions: {debuggerAddress: localhost:62294}, networkConnectionEnabled: false, pageLoadStrategy: normal, platformName: windows, proxy: Proxy(), se:cdp: ws://localhost:62294/devtoo..., se:cdpVersion: 127.0.6533.122, setWindowRect: true, strictFileInteractability: false, timeouts: {implicit: 0, pageLoad: 300000, script: 30000}, unhandledPromptBehavior: dismiss and notify, webauthn:extension:credBlob: true, webauthn:extension:largeBlob: true, webauthn:extension:minPinLength: true, webauthn:extension:prf: true, webauthn:virtualAuthenticators: true}
Element: [[ChromeDriver: chrome on windows (776636dd1bee78b363376100859c3c51)] -> xpath: //a[text()='Create Account']]
Session ID: 776636dd1bee78b363376100859c3c51
at org.openqa.selenium.remote.ErrorCodec.decode(ErrorCodec.java:167)
at org.openqa.selenium.remote.codec.w3c.W3CHttpResponseCodec.decode(W3CHttpResponseCodec.java:138)
at org.openqa.selenium.remote.codec.w3c.W3CHttpResponseCodec.decode(W3CHttpResponseCodec.java:50)
at org.openqa.selenium.remote.HttpCommandExecutor.execute(HttpCommandExecutor.java:190)
at org.openqa.selenium.remote.service.DriverCommandExecutor.invokeExecute(DriverCommandExecutor.java:216)
at org.openqa.selenium.remote.service.DriverCommandExecutor.execute(DriverCommandExecutor.java:174)
at org.openqa.selenium.remote.RemoteWebDriver.execute(RemoteWebDriver.java:518)
at org.openqa.selenium.remote.RemoteWebElement.execute(RemoteWebElement.java:223)
at org.openqa.selenium.remote.RemoteWebElement.click(RemoteWebElement.java:76)
at org.openqa.selenium.support.pagefactory.internal.LocatingElementHandler.invoke(LocatingElementHandler.java:51)
at jdk.proxy2/jdk.proxy2.$Proxy14.click(Unknown Source)
at page.HomePage.createAc(HomePage.java:47)
at test.CreateAcTC_002.CreateAcInvalid(CreateAcTC_002.java:19)
at java.base/java.util.ArrayList.forEach(ArrayList.java:1511)
... Removed 35 stack frames]]>
    </failure>
  </testcase> <!-- CreateAcInvalid -->
  <testcase classname="test.SignInTC_001" name="SignInT" time="17.022"/>
  <testcase classname="test.SignInTC_002" name="SignInT" time="12.064">
    <failure type="java.lang.AssertionError" message="The following asserts failed:
	expected [Please enter a valid email address.] but found [Sorry, something went wrong. Please try again.]">
      <![CDATA[java.lang.AssertionError: The following asserts failed:
expected [Please enter a valid email address.] but found [Sorry, something went wrong. Please try again.]
at utils.UtilityCls.soft_assert(UtilityCls.java:85)
at page.SignInPage.verifyinvalidmail(SignInPage.java:84)
at test.SignInTC_002.SignInT(SignInTC_002.java:22)
at java.base/java.util.ArrayList.forEach(ArrayList.java:1511)
... Removed 29 stack frames]]>
    </failure>
  </testcase> <!-- SignInT -->
  <testcase classname="test.VerifyMenuTC_001" name="verifyTC" time="16.835">
    <failure type="org.openqa.selenium.ElementClickInterceptedException" message="element click intercepted: Element &amp;lt;a aria-hidden=&amp;quot;false&amp;quot; class=&amp;quot;bottom-left-links &amp;quot; href=&amp;quot;/site/electronics/top-deals/pcmcat1563299784494.c?id=pcmcat1563299784494&amp;quot; tabindex=&amp;quot;0&amp;quot;&amp;gt;...&amp;lt;/a&amp;gt; is not clickable at point (199, 169). Other element would receive the click: &amp;lt;div id=&amp;quot;survey_window&amp;quot; class=&amp;quot;modal fade modal-open in&amp;quot; role=&amp;quot;dialog&amp;quot; style=&amp;quot;margin-top: 142px; display: block;&amp;quot;&amp;gt;...&amp;lt;/div&amp;gt;
  (Session info: chrome=127.0.6533.122)
Build info: version: &amp;apos;4.21.0&amp;apos;, revision: &amp;apos;79ed462ef4&amp;apos;
System info: os.name: &amp;apos;Windows 11&amp;apos;, os.arch: &amp;apos;amd64&amp;apos;, os.version: &amp;apos;10.0&amp;apos;, java.version: &amp;apos;17.0.10&amp;apos;
Driver info: org.openqa.selenium.chrome.ChromeDriver
Command: [6e204066b53d04d014ffcba25e7da1b2, clickElement {id=f.6FA7DC2DF8024CAC47A1F7643195DEB8.d.3DC0592419CBECCDC638B46C43648E78.e.138}]
Capabilities {acceptInsecureCerts: false, browserName: chrome, browserVersion: 127.0.6533.122, chrome: {chromedriverVersion: 127.0.6533.119 (bdef6783a05..., userDataDir: C:\Users\HP\AppData\Local\T...}, fedcm:accounts: true, goog:chromeOptions: {debuggerAddress: localhost:62727}, networkConnectionEnabled: false, pageLoadStrategy: normal, platformName: windows, proxy: Proxy(), se:cdp: ws://localhost:62727/devtoo..., se:cdpVersion: 127.0.6533.122, setWindowRect: true, strictFileInteractability: false, timeouts: {implicit: 0, pageLoad: 300000, script: 30000}, unhandledPromptBehavior: dismiss and notify, webauthn:extension:credBlob: true, webauthn:extension:largeBlob: true, webauthn:extension:minPinLength: true, webauthn:extension:prf: true, webauthn:virtualAuthenticators: true}
Element: [[ChromeDriver: chrome on windows (6e204066b53d04d014ffcba25e7da1b2)] -&amp;gt; xpath: //a[text()=&amp;apos;Top Deals&amp;apos;]]
Session ID: 6e204066b53d04d014ffcba25e7da1b2">
      <![CDATA[org.openqa.selenium.ElementClickInterceptedException: element click intercepted: Element <a aria-hidden="false" class="bottom-left-links " href="/site/electronics/top-deals/pcmcat1563299784494.c?id=pcmcat1563299784494" tabindex="0">...</a> is not clickable at point (199, 169). Other element would receive the click: <div id="survey_window" class="modal fade modal-open in" role="dialog" style="margin-top: 142px; display: block;">...</div>
  (Session info: chrome=127.0.6533.122)
Build info: version: '4.21.0', revision: '79ed462ef4'
System info: os.name: 'Windows 11', os.arch: 'amd64', os.version: '10.0', java.version: '17.0.10'
Driver info: org.openqa.selenium.chrome.ChromeDriver
Command: [6e204066b53d04d014ffcba25e7da1b2, clickElement {id=f.6FA7DC2DF8024CAC47A1F7643195DEB8.d.3DC0592419CBECCDC638B46C43648E78.e.138}]
Capabilities {acceptInsecureCerts: false, browserName: chrome, browserVersion: 127.0.6533.122, chrome: {chromedriverVersion: 127.0.6533.119 (bdef6783a05..., userDataDir: C:\Users\HP\AppData\Local\T...}, fedcm:accounts: true, goog:chromeOptions: {debuggerAddress: localhost:62727}, networkConnectionEnabled: false, pageLoadStrategy: normal, platformName: windows, proxy: Proxy(), se:cdp: ws://localhost:62727/devtoo..., se:cdpVersion: 127.0.6533.122, setWindowRect: true, strictFileInteractability: false, timeouts: {implicit: 0, pageLoad: 300000, script: 30000}, unhandledPromptBehavior: dismiss and notify, webauthn:extension:credBlob: true, webauthn:extension:largeBlob: true, webauthn:extension:minPinLength: true, webauthn:extension:prf: true, webauthn:virtualAuthenticators: true}
Element: [[ChromeDriver: chrome on windows (6e204066b53d04d014ffcba25e7da1b2)] -> xpath: //a[text()='Top Deals']]
Session ID: 6e204066b53d04d014ffcba25e7da1b2
at org.openqa.selenium.remote.ErrorCodec.decode(ErrorCodec.java:167)
at org.openqa.selenium.remote.codec.w3c.W3CHttpResponseCodec.decode(W3CHttpResponseCodec.java:138)
at org.openqa.selenium.remote.codec.w3c.W3CHttpResponseCodec.decode(W3CHttpResponseCodec.java:50)
at org.openqa.selenium.remote.HttpCommandExecutor.execute(HttpCommandExecutor.java:190)
at org.openqa.selenium.remote.service.DriverCommandExecutor.invokeExecute(DriverCommandExecutor.java:216)
at org.openqa.selenium.remote.service.DriverCommandExecutor.execute(DriverCommandExecutor.java:174)
at org.openqa.selenium.remote.RemoteWebDriver.execute(RemoteWebDriver.java:518)
at org.openqa.selenium.remote.RemoteWebElement.execute(RemoteWebElement.java:223)
at org.openqa.selenium.remote.RemoteWebElement.click(RemoteWebElement.java:76)
at org.openqa.selenium.support.pagefactory.internal.LocatingElementHandler.invoke(LocatingElementHandler.java:51)
at jdk.proxy2/jdk.proxy2.$Proxy14.click(Unknown Source)
at page.MenuVerify.clickTopDeal(MenuVerify.java:79)
at test.VerifyMenuTC_001.verifyTC(VerifyMenuTC_001.java:17)
at java.base/java.util.ArrayList.forEach(ArrayList.java:1511)
... Removed 35 stack frames]]>
    </failure>
  </testcase> <!-- verifyTC -->
  <testcase classname="test.VerifyMenuTC_002" name="verifyTCInvalid" time="45.794"/>
  <testcase classname="test.BLinkTC_001" name="linkVerify" time="15.982"/>
  <testcase classname="test.BLinkTC_002" name="linkVerifyInvalid" time="20.086">
    <failure type="java.lang.AssertionError" message="The following asserts failed:
	expected [California SupplyChain Transparency ActBest Buy] but found [California Supply Chain Transparency Act - Best Buy]">
      <![CDATA[java.lang.AssertionError: The following asserts failed:
expected [California SupplyChain Transparency ActBest Buy] but found [California Supply Chain Transparency Act - Best Buy]
at utils.UtilityCls.soft_assert(UtilityCls.java:85)
at page.BLinkVerify.invalidsupplyChain(BLinkVerify.java:83)
at test.BLinkTC_002.linkVerifyInvalid(BLinkTC_002.java:19)
at java.base/java.util.ArrayList.forEach(ArrayList.java:1511)
... Removed 29 stack frames]]>
    </failure>
  </testcase> <!-- linkVerifyInvalid -->
</testsuite> <!-- Test -->
